\BOOKMARK [1][-]{section*.1}{Summary}{}% 1
\BOOKMARK [1][-]{section*.2}{Introduction}{}% 2
\BOOKMARK [1][-]{section*.3}{Methods}{}% 3
\BOOKMARK [2][-]{subsection*.4}{Data}{section*.3}% 4
\BOOKMARK [2][-]{subsection*.5}{Models}{section*.3}% 5
\BOOKMARK [3][-]{subsubsection*.6}{Ploidy and diversification}{subsection*.5}% 6
\BOOKMARK [3][-]{subsubsection*.7}{Breeding system and diversification}{subsection*.5}% 7
\BOOKMARK [3][-]{subsubsection*.8}{Ploidy, breeding system, and diversification}{subsection*.5}% 8
\BOOKMARK [3][-]{subsubsection*.9}{Lumped models}{subsection*.5}% 9
\BOOKMARK [3][-]{subsubsection*.10}{Pathways to polyploidy}{subsection*.5}% 10
\BOOKMARK [2][-]{subsection*.11}{Statistical inference}{section*.3}% 11
\BOOKMARK [3][-]{subsubsection*.12}{Model fitting}{subsection*.11}% 12
\BOOKMARK [3][-]{subsubsection*.13}{Model selection key questions}{subsection*.11}% 13
\BOOKMARK [1][-]{section*.14}{Results}{}% 14
\BOOKMARK [2][-]{subsection*.15}{Trait-dependent diversification}{section*.14}% 15
\BOOKMARK [3][-]{subsubsection*.16}{Ploidy only}{subsection*.15}% 16
\BOOKMARK [3][-]{subsubsection*.17}{Breeding system only}{subsection*.15}% 17
\BOOKMARK [3][-]{subsubsection*.18}{Ploidy and breeding system together}{subsection*.15}% 18
\BOOKMARK [2][-]{subsection*.19}{Key questions about diversification and transitions}{section*.14}% 19
\BOOKMARK [2][-]{subsection*.20}{Pathways to polyploidy}{section*.14}% 20
\BOOKMARK [1][-]{section*.21}{Discussion}{}% 21
\BOOKMARK [2][-]{subsection*.22}{Interacting traits and lineage diversification}{section*.21}% 22
\BOOKMARK [2][-]{subsection*.23}{Pathways to polyploidy}{section*.21}% 23
\BOOKMARK [1][-]{section*.24}{Conclusion}{}% 24
\BOOKMARK [1][-]{section*.25}{Acknowledgements}{}% 25
\BOOKMARK [1][-]{section*.26}{Author Contributions}{}% 26
\BOOKMARK [1][-]{section*.27}{Literature Cited}{}% 27
