This is pdfTeX, Version 3.14159265-2.6-1.40.16 (TeX Live 2015) (preloaded format=pdflatex 2015.5.24)  30 AUG 2019 22:58
entering extended mode
 restricted \write18 enabled.
 file:line:error style messages enabled.
 %&-line parsing enabled.
**main.tex
(./main.tex
LaTeX2e <2015/01/01>
Babel <3.9l> and hyphenation patterns for 79 languages loaded.
(/usr/local/texlive/2015/texmf-dist/tex/latex/base/article.cls
Document Class: article 2014/09/29 v1.4h Standard LaTeX document class
(/usr/local/texlive/2015/texmf-dist/tex/latex/base/size11.clo
File: size11.clo 2014/09/29 v1.4h Standard LaTeX file (size option)
)
\c@part=\count79
\c@section=\count80
\c@subsection=\count81
\c@subsubsection=\count82
\c@paragraph=\count83
\c@subparagraph=\count84
\c@figure=\count85
\c@table=\count86
\abovecaptionskip=\skip41
\belowcaptionskip=\skip42
\bibindent=\dimen102
)
(./evolution.sty
Package: evolution 

(/usr/local/texlive/2015/texmf-dist/tex/latex/geometry/geometry.sty
Package: geometry 2010/09/12 v5.6 Page Geometry

(/usr/local/texlive/2015/texmf-dist/tex/latex/graphics/keyval.sty
Package: keyval 2014/10/28 v1.15 key=value parser (DPC)
\KV@toks@=\toks14
)
(/usr/local/texlive/2015/texmf-dist/tex/generic/oberdiek/ifpdf.sty
Package: ifpdf 2011/01/30 v2.3 Provides the ifpdf switch (HO)
Package ifpdf Info: pdfTeX in PDF mode is detected.
)
(/usr/local/texlive/2015/texmf-dist/tex/generic/oberdiek/ifvtex.sty
Package: ifvtex 2010/03/01 v1.5 Detect VTeX and its facilities (HO)
Package ifvtex Info: VTeX not detected.
)
(/usr/local/texlive/2015/texmf-dist/tex/generic/ifxetex/ifxetex.sty
Package: ifxetex 2010/09/12 v0.6 Provides ifxetex conditional
)
\Gm@cnth=\count87
\Gm@cntv=\count88
\c@Gm@tempcnt=\count89
\Gm@bindingoffset=\dimen103
\Gm@wd@mp=\dimen104
\Gm@odd@mp=\dimen105
\Gm@even@mp=\dimen106
\Gm@layoutwidth=\dimen107
\Gm@layoutheight=\dimen108
\Gm@layouthoffset=\dimen109
\Gm@layoutvoffset=\dimen110
\Gm@dimlist=\toks15
)
(/usr/local/texlive/2015/texmf-dist/tex/latex/psnfss/mathptmx.sty
Package: mathptmx 2005/04/12 PSNFSS-v9.2a Times w/ Math, improved (SPQR, WaS) 
LaTeX Font Info:    Redeclaring symbol font `operators' on input line 28.
LaTeX Font Info:    Overwriting symbol font `operators' in version `normal'
(Font)                  OT1/cmr/m/n --> OT1/ztmcm/m/n on input line 28.
LaTeX Font Info:    Overwriting symbol font `operators' in version `bold'
(Font)                  OT1/cmr/bx/n --> OT1/ztmcm/m/n on input line 28.
LaTeX Font Info:    Redeclaring symbol font `letters' on input line 29.
LaTeX Font Info:    Overwriting symbol font `letters' in version `normal'
(Font)                  OML/cmm/m/it --> OML/ztmcm/m/it on input line 29.
LaTeX Font Info:    Overwriting symbol font `letters' in version `bold'
(Font)                  OML/cmm/b/it --> OML/ztmcm/m/it on input line 29.
LaTeX Font Info:    Redeclaring symbol font `symbols' on input line 30.
LaTeX Font Info:    Overwriting symbol font `symbols' in version `normal'
(Font)                  OMS/cmsy/m/n --> OMS/ztmcm/m/n on input line 30.
LaTeX Font Info:    Overwriting symbol font `symbols' in version `bold'
(Font)                  OMS/cmsy/b/n --> OMS/ztmcm/m/n on input line 30.
LaTeX Font Info:    Redeclaring symbol font `largesymbols' on input line 31.
LaTeX Font Info:    Overwriting symbol font `largesymbols' in version `normal'
(Font)                  OMX/cmex/m/n --> OMX/ztmcm/m/n on input line 31.
LaTeX Font Info:    Overwriting symbol font `largesymbols' in version `bold'
(Font)                  OMX/cmex/m/n --> OMX/ztmcm/m/n on input line 31.
\symbold=\mathgroup4
\symitalic=\mathgroup5
LaTeX Font Info:    Redeclaring math alphabet \mathbf on input line 34.
LaTeX Font Info:    Overwriting math alphabet `\mathbf' in version `normal'
(Font)                  OT1/cmr/bx/n --> OT1/ptm/bx/n on input line 34.
LaTeX Font Info:    Overwriting math alphabet `\mathbf' in version `bold'
(Font)                  OT1/cmr/bx/n --> OT1/ptm/bx/n on input line 34.
LaTeX Font Info:    Redeclaring math alphabet \mathit on input line 35.
LaTeX Font Info:    Overwriting math alphabet `\mathit' in version `normal'
(Font)                  OT1/cmr/m/it --> OT1/ptm/m/it on input line 35.
LaTeX Font Info:    Overwriting math alphabet `\mathit' in version `bold'
(Font)                  OT1/cmr/bx/it --> OT1/ptm/m/it on input line 35.
LaTeX Info: Redefining \hbar on input line 50.
)
(/usr/local/texlive/2015/texmf-dist/tex/latex/base/fontenc.sty
Package: fontenc 2005/09/27 v1.99g Standard LaTeX package

(/usr/local/texlive/2015/texmf-dist/tex/latex/base/t1enc.def
File: t1enc.def 2005/09/27 v1.99g Standard LaTeX file
LaTeX Font Info:    Redeclaring font encoding T1 on input line 48.
))
(/usr/local/texlive/2015/texmf-dist/tex/latex/titlesec/titlesec.sty
Package: titlesec 2011/12/15 v2.10.0 Sectioning titles
\ttl@box=\box26
\beforetitleunit=\skip43
\aftertitleunit=\skip44
\ttl@plus=\dimen111
\ttl@minus=\dimen112
\ttl@toksa=\toks16
\titlewidth=\dimen113
\titlewidthlast=\dimen114
\titlewidthfirst=\dimen115
)
(/usr/local/texlive/2015/texmf-dist/tex/latex/setspace/setspace.sty
Package: setspace 2011/12/19 v6.7a set line spacing
)
(/usr/local/texlive/2015/texmf-dist/tex/latex/lineno/lineno.sty
Package: lineno 2005/11/02 line numbers on paragraphs v4.41
\linenopenalty=\count90
\output=\toks17
\linenoprevgraf=\count91
\linenumbersep=\dimen116
\linenumberwidth=\dimen117
\c@linenumber=\count92
\c@pagewiselinenumber=\count93
\c@LN@truepage=\count94
\c@internallinenumber=\count95
\c@internallinenumbers=\count96
\quotelinenumbersep=\dimen118
\bframerule=\dimen119
\bframesep=\dimen120
\bframebox=\box27
LaTeX Info: Redefining \\ on input line 3056.
)
(/usr/local/texlive/2015/texmf-dist/tex/latex/graphics/graphicx.sty
Package: graphicx 2014/10/28 v1.0g Enhanced LaTeX Graphics (DPC,SPQR)

(/usr/local/texlive/2015/texmf-dist/tex/latex/graphics/graphics.sty
Package: graphics 2014/10/28 v1.0p Standard LaTeX Graphics (DPC,SPQR)

(/usr/local/texlive/2015/texmf-dist/tex/latex/graphics/trig.sty
Package: trig 1999/03/16 v1.09 sin cos tan (DPC)
)
(/usr/local/texlive/2015/texmf-dist/tex/latex/latexconfig/graphics.cfg
File: graphics.cfg 2010/04/23 v1.9 graphics configuration of TeX Live
)
Package graphics Info: Driver file: pdftex.def on input line 94.

(/usr/local/texlive/2015/texmf-dist/tex/latex/pdftex-def/pdftex.def
File: pdftex.def 2011/05/27 v0.06d Graphics/color for pdfTeX

(/usr/local/texlive/2015/texmf-dist/tex/generic/oberdiek/infwarerr.sty
Package: infwarerr 2010/04/08 v1.3 Providing info/warning/error messages (HO)
)
(/usr/local/texlive/2015/texmf-dist/tex/generic/oberdiek/ltxcmds.sty
Package: ltxcmds 2011/11/09 v1.22 LaTeX kernel commands for general use (HO)
)
\Gread@gobject=\count97
))
\Gin@req@height=\dimen121
\Gin@req@width=\dimen122
)
(/usr/local/texlive/2015/texmf-dist/tex/latex/booktabs/booktabs.sty
Package: booktabs 2005/04/14 v1.61803 publication quality tables
\heavyrulewidth=\dimen123
\lightrulewidth=\dimen124
\cmidrulewidth=\dimen125
\belowrulesep=\dimen126
\belowbottomsep=\dimen127
\aboverulesep=\dimen128
\abovetopsep=\dimen129
\cmidrulesep=\dimen130
\cmidrulekern=\dimen131
\defaultaddspace=\dimen132
\@cmidla=\count98
\@cmidlb=\count99
\@aboverulesep=\dimen133
\@belowrulesep=\dimen134
\@thisruleclass=\count100
\@lastruleclass=\count101
\@thisrulewidth=\dimen135
)
(/usr/local/texlive/2015/texmf-dist/tex/latex/caption/newfloat.sty
Package: newfloat 2013/05/11 v1.1-91 Defining new floating environments (AR)
)
Package newfloat Info: New float `suppfigure' with options `name=Figure' on inp
ut line 47.
\c@suppfigure=\count102
\newfloat@ftype=\count103
Package newfloat Info: float type `suppfigure'=8 on input line 47.
Package newfloat Info: New float `supptable' with options `name=Table' on input
 line 48.
\c@supptable=\count104
Package newfloat Info: float type `supptable'=16 on input line 48.

(/usr/local/texlive/2015/texmf-dist/tex/latex/caption/caption.sty
Package: caption 2013/05/02 v3.3-89 Customizing captions (AR)

(/usr/local/texlive/2015/texmf-dist/tex/latex/caption/caption3.sty
Package: caption3 2013/05/02 v1.6-88 caption3 kernel (AR)
Package caption3 Info: TeX engine: e-TeX on input line 57.
\captionmargin=\dimen136
\captionmargin@=\dimen137
\captionwidth=\dimen138
\caption@tempdima=\dimen139
\caption@indent=\dimen140
\caption@parindent=\dimen141
\caption@hangindent=\dimen142
)
\c@ContinuedFloat=\count105
)
(/usr/local/texlive/2015/texmf-dist/tex/latex/endfloat/endfloat.sty
Package: endfloat 2011/12/25 v2.5d LaTeX2e package puts figures and tables at e
nd (jdm)
\c@postfigure=\count106
\efloat@postfff=\write3
\@ef@fffopen=\count107
\c@posttable=\count108
\efloat@postttt=\write4
\@ef@tttopen=\count109
)
\c@postsuppfigure=\count110
\efloat@postefsuppfigure=\write5
\@ef@efsuppfigureopen=\count111
\c@postsupptable=\count112
\efloat@postefsupptable=\write6
\@ef@efsupptableopen=\count113

(/usr/local/texlive/2015/texmf-dist/tex/latex/tools/bm.sty
Package: bm 2014/10/28 v1.1c Bold Symbol Support (DPC/FMi)
LaTeX Info: Redefining \bm on input line 207.
)
(/usr/local/texlive/2015/texmf-dist/tex/latex/amsmath/amsmath.sty
Package: amsmath 2013/01/14 v2.14 AMS math features
\@mathmargin=\skip45

For additional information on amsmath, use the `?' option.
(/usr/local/texlive/2015/texmf-dist/tex/latex/amsmath/amstext.sty
Package: amstext 2000/06/29 v2.01

(/usr/local/texlive/2015/texmf-dist/tex/latex/amsmath/amsgen.sty
File: amsgen.sty 1999/11/30 v2.0
\@emptytoks=\toks18
\ex@=\dimen143
))
(/usr/local/texlive/2015/texmf-dist/tex/latex/amsmath/amsbsy.sty
Package: amsbsy 1999/11/29 v1.2d
LaTeX Info: Redefining \boldsymbol on input line 39.
\pmbraise@=\dimen144
)
(/usr/local/texlive/2015/texmf-dist/tex/latex/amsmath/amsopn.sty
Package: amsopn 1999/12/14 v2.01 operator names
)
\inf@bad=\count114
LaTeX Info: Redefining \frac on input line 210.
\uproot@=\count115
\leftroot@=\count116
LaTeX Info: Redefining \overline on input line 306.
\classnum@=\count117
\DOTSCASE@=\count118
LaTeX Info: Redefining \ldots on input line 378.
LaTeX Info: Redefining \dots on input line 381.
LaTeX Info: Redefining \cdots on input line 466.
\Mathstrutbox@=\box28
\strutbox@=\box29
\big@size=\dimen145
LaTeX Font Info:    Redeclaring font encoding OML on input line 566.
LaTeX Font Info:    Redeclaring font encoding OMS on input line 567.
\macc@depth=\count119
\c@MaxMatrixCols=\count120
\dotsspace@=\muskip10
\c@parentequation=\count121
\dspbrk@lvl=\count122
\tag@help=\toks19
\row@=\count123
\column@=\count124
\maxfields@=\count125
\andhelp@=\toks20
\eqnshift@=\dimen146
\alignsep@=\dimen147
\tagshift@=\dimen148
\tagwidth@=\dimen149
\totwidth@=\dimen150
\lineht@=\dimen151
\@envbody=\toks21
\multlinegap=\skip46
\multlinetaggap=\skip47
\mathdisplay@stack=\toks22
LaTeX Info: Redefining \[ on input line 2665.
LaTeX Info: Redefining \] on input line 2666.
)
(/usr/local/texlive/2015/texmf-dist/tex/latex/natbib/natbib.sty
Package: natbib 2010/09/13 8.31b (PWD, AO)
\bibhang=\skip48
\bibsep=\skip49
LaTeX Info: Redefining \cite on input line 694.
\c@NAT@ctr=\count126
)
(/usr/local/texlive/2015/texmf-dist/tex/latex/hyperref/hyperref.sty
Package: hyperref 2012/11/06 v6.83m Hypertext links for LaTeX

(/usr/local/texlive/2015/texmf-dist/tex/generic/oberdiek/hobsub-hyperref.sty
Package: hobsub-hyperref 2012/05/28 v1.13 Bundle oberdiek, subset hyperref (HO)


(/usr/local/texlive/2015/texmf-dist/tex/generic/oberdiek/hobsub-generic.sty
Package: hobsub-generic 2012/05/28 v1.13 Bundle oberdiek, subset generic (HO)
Package: hobsub 2012/05/28 v1.13 Construct package bundles (HO)
Package hobsub Info: Skipping package `infwarerr' (already loaded).
Package hobsub Info: Skipping package `ltxcmds' (already loaded).
Package: ifluatex 2010/03/01 v1.3 Provides the ifluatex switch (HO)
Package ifluatex Info: LuaTeX not detected.
Package hobsub Info: Skipping package `ifvtex' (already loaded).
Package: intcalc 2007/09/27 v1.1 Expandable calculations with integers (HO)
Package hobsub Info: Skipping package `ifpdf' (already loaded).
Package: etexcmds 2011/02/16 v1.5 Avoid name clashes with e-TeX commands (HO)
Package etexcmds Info: Could not find \expanded.
(etexcmds)             That can mean that you are not using pdfTeX 1.50 or
(etexcmds)             that some package has redefined \expanded.
(etexcmds)             In the latter case, load this package earlier.
Package: kvsetkeys 2012/04/25 v1.16 Key value parser (HO)
Package: kvdefinekeys 2011/04/07 v1.3 Define keys (HO)
Package: pdftexcmds 2011/11/29 v0.20 Utility functions of pdfTeX for LuaTeX (HO
)
Package pdftexcmds Info: LuaTeX not detected.
Package pdftexcmds Info: \pdf@primitive is available.
Package pdftexcmds Info: \pdf@ifprimitive is available.
Package pdftexcmds Info: \pdfdraftmode found.
Package: pdfescape 2011/11/25 v1.13 Implements pdfTeX's escape features (HO)
Package: bigintcalc 2012/04/08 v1.3 Expandable calculations on big integers (HO
)
Package: bitset 2011/01/30 v1.1 Handle bit-vector datatype (HO)
Package: uniquecounter 2011/01/30 v1.2 Provide unlimited unique counter (HO)
)
Package hobsub Info: Skipping package `hobsub' (already loaded).
Package: letltxmacro 2010/09/02 v1.4 Let assignment for LaTeX macros (HO)
Package: hopatch 2012/05/28 v1.2 Wrapper for package hooks (HO)
Package: xcolor-patch 2011/01/30 xcolor patch
Package: atveryend 2011/06/30 v1.8 Hooks at the very end of document (HO)
Package atveryend Info: \enddocument detected (standard20110627).
Package: atbegshi 2011/10/05 v1.16 At begin shipout hook (HO)
Package: refcount 2011/10/16 v3.4 Data extraction from label references (HO)
Package: hycolor 2011/01/30 v1.7 Color options for hyperref/bookmark (HO)
)
(/usr/local/texlive/2015/texmf-dist/tex/latex/oberdiek/auxhook.sty
Package: auxhook 2011/03/04 v1.3 Hooks for auxiliary files (HO)
)
(/usr/local/texlive/2015/texmf-dist/tex/latex/oberdiek/kvoptions.sty
Package: kvoptions 2011/06/30 v3.11 Key value format for package options (HO)
)
\@linkdim=\dimen152
\Hy@linkcounter=\count127
\Hy@pagecounter=\count128

(/usr/local/texlive/2015/texmf-dist/tex/latex/hyperref/pd1enc.def
File: pd1enc.def 2012/11/06 v6.83m Hyperref: PDFDocEncoding definition (HO)
)
\Hy@SavedSpaceFactor=\count129

(/usr/local/texlive/2015/texmf-dist/tex/latex/latexconfig/hyperref.cfg
File: hyperref.cfg 2002/06/06 v1.2 hyperref configuration of TeXLive
)
Package hyperref Info: Hyper figures OFF on input line 4443.
Package hyperref Info: Link nesting OFF on input line 4448.
Package hyperref Info: Hyper index ON on input line 4451.
Package hyperref Info: Plain pages OFF on input line 4458.
Package hyperref Info: Backreferencing OFF on input line 4463.
Package hyperref Info: Implicit mode ON; LaTeX internals redefined.
Package hyperref Info: Bookmarks ON on input line 4688.
\c@Hy@tempcnt=\count130

(/usr/local/texlive/2015/texmf-dist/tex/latex/url/url.sty
\Urlmuskip=\muskip11
Package: url 2013/09/16  ver 3.4  Verb mode for urls, etc.
)
LaTeX Info: Redefining \url on input line 5041.
\XeTeXLinkMargin=\dimen153
\Fld@menulength=\count131
\Field@Width=\dimen154
\Fld@charsize=\dimen155
Package hyperref Info: Hyper figures OFF on input line 6295.
Package hyperref Info: Link nesting OFF on input line 6300.
Package hyperref Info: Hyper index ON on input line 6303.
Package hyperref Info: backreferencing OFF on input line 6310.
Package hyperref Info: Link coloring OFF on input line 6315.
Package hyperref Info: Link coloring with OCG OFF on input line 6320.
Package hyperref Info: PDF/A mode OFF on input line 6325.
LaTeX Info: Redefining \ref on input line 6365.
LaTeX Info: Redefining \pageref on input line 6369.
\Hy@abspage=\count132
\c@Item=\count133
\c@Hfootnote=\count134
)

Package hyperref Message: Driver (autodetected): hpdftex.

(/usr/local/texlive/2015/texmf-dist/tex/latex/hyperref/hpdftex.def
File: hpdftex.def 2012/11/06 v6.83m Hyperref driver for pdfTeX
\Fld@listcount=\count135
\c@bookmark@seq@number=\count136

(/usr/local/texlive/2015/texmf-dist/tex/latex/oberdiek/rerunfilecheck.sty
Package: rerunfilecheck 2011/04/15 v1.7 Rerun checks for auxiliary files (HO)
Package uniquecounter Info: New unique counter `rerunfilecheck' on input line 2
82.
)
\Hy@SectionHShift=\skip50
)
(/usr/local/texlive/2015/texmf-dist/tex/latex/cleveref/cleveref.sty
Package: cleveref 2013/12/28 v0.19 Intelligent cross-referencing
Package cleveref Info: `hyperref' support loaded on input line 2230.
LaTeX Info: Redefining \cref on input line 2230.
LaTeX Info: Redefining \Cref on input line 2230.
LaTeX Info: Redefining \crefrange on input line 2230.
LaTeX Info: Redefining \Crefrange on input line 2230.
LaTeX Info: Redefining \cpageref on input line 2230.
LaTeX Info: Redefining \Cpageref on input line 2230.
LaTeX Info: Redefining \cpagerefrange on input line 2230.
LaTeX Info: Redefining \Cpagerefrange on input line 2230.
LaTeX Info: Redefining \labelcref on input line 2230.
LaTeX Info: Redefining \labelcpageref on input line 2230.
Package cleveref Info: always capitalise cross-reference names on input line 74
70.
Package cleveref Info: always capitalise cross-reference names on input line 74
93.
Package cleveref Info: sorting and compressing references on input line 7493.
)
(/usr/local/texlive/2015/texmf-dist/tex/latex/endnotes/endnotes.sty
\c@endnote=\count137
\endnotesep=\dimen156
\@enotes=\write7
)
(/usr/local/texlive/2015/texmf-dist/tex/latex/tools/xspace.sty
Package: xspace 2014/10/28 v1.13 Space after command names (DPC,MH)
)) (./main.aux)
\openout1 = `main.aux'.

LaTeX Font Info:    Checking defaults for OML/cmm/m/it on input line 4.
LaTeX Font Info:    ... okay on input line 4.
LaTeX Font Info:    Checking defaults for T1/cmr/m/n on input line 4.
LaTeX Font Info:    ... okay on input line 4.
LaTeX Font Info:    Checking defaults for OT1/cmr/m/n on input line 4.
LaTeX Font Info:    ... okay on input line 4.
LaTeX Font Info:    Checking defaults for OMS/cmsy/m/n on input line 4.
LaTeX Font Info:    ... okay on input line 4.
LaTeX Font Info:    Checking defaults for OMX/cmex/m/n on input line 4.
LaTeX Font Info:    ... okay on input line 4.
LaTeX Font Info:    Checking defaults for U/cmr/m/n on input line 4.
LaTeX Font Info:    ... okay on input line 4.
LaTeX Font Info:    Checking defaults for PD1/pdf/m/n on input line 4.
LaTeX Font Info:    ... okay on input line 4.
LaTeX Font Info:    Try loading font information for T1+ptm on input line 4.

(/usr/local/texlive/2015/texmf-dist/tex/latex/psnfss/t1ptm.fd
File: t1ptm.fd 2001/06/04 font definitions for T1/ptm.
)
*geometry* driver: auto-detecting
*geometry* detected driver: pdftex
*geometry* verbose mode - [ preamble ] result:
* driver: pdftex
* paper: <default>
* layout: <same size as paper>
* layoutoffset:(h,v)=(0.0pt,0.0pt)
* modes: 
* h-part:(L,W,R)=(72.26999pt, 469.75502pt, 72.26999pt)
* v-part:(T,H,B)=(72.26999pt, 650.43001pt, 72.26999pt)
* \paperwidth=614.295pt
* \paperheight=794.96999pt
* \textwidth=469.75502pt
* \textheight=650.43001pt
* \oddsidemargin=0.0pt
* \evensidemargin=0.0pt
* \topmargin=-37.0pt
* \headheight=12.0pt
* \headsep=25.0pt
* \topskip=11.0pt
* \footskip=30.0pt
* \marginparwidth=59.0pt
* \marginparsep=10.0pt
* \columnsep=10.0pt
* \skip\footins=10.0pt plus 4.0pt minus 2.0pt
* \hoffset=0.0pt
* \voffset=0.0pt
* \mag=1000
* \@twocolumnfalse
* \@twosidefalse
* \@mparswitchfalse
* \@reversemarginfalse
* (1in=72.27pt=25.4mm, 1cm=28.453pt)

(/usr/local/texlive/2015/texmf-dist/tex/context/base/supp-pdf.mkii
[Loading MPS to PDF converter (version 2006.09.02).]
\scratchcounter=\count138
\scratchdimen=\dimen157
\scratchbox=\box30
\nofMPsegments=\count139
\nofMParguments=\count140
\everyMPshowfont=\toks23
\MPscratchCnt=\count141
\MPscratchDim=\dimen158
\MPnumerator=\count142
\makeMPintoPDFobject=\count143
\everyMPtoPDFconversion=\toks24
) (/usr/local/texlive/2015/texmf-dist/tex/latex/oberdiek/epstopdf-base.sty
Package: epstopdf-base 2010/02/09 v2.5 Base part for package epstopdf

(/usr/local/texlive/2015/texmf-dist/tex/latex/oberdiek/grfext.sty
Package: grfext 2010/08/19 v1.1 Manage graphics extensions (HO)
)
Package grfext Info: Graphics extension search list:
(grfext)             [.png,.pdf,.jpg,.mps,.jpeg,.jbig2,.jb2,.PNG,.PDF,.JPG,.JPE
G,.JBIG2,.JB2,.eps]
(grfext)             \AppendGraphicsExtensions on input line 452.

(/usr/local/texlive/2015/texmf-dist/tex/latex/latexconfig/epstopdf-sys.cfg
File: epstopdf-sys.cfg 2010/07/13 v1.3 Configuration of (r)epstopdf for TeX Liv
e
))
Package caption Info: Begin \AtBeginDocument code.
Package caption Info: hyperref package is loaded.
Package caption Info: End \AtBeginDocument code.
\AtBeginShipoutBox=\box31
Package hyperref Info: Link coloring OFF on input line 4.

(/usr/local/texlive/2015/texmf-dist/tex/latex/hyperref/nameref.sty
Package: nameref 2012/10/27 v2.43 Cross-referencing by name of section

(/usr/local/texlive/2015/texmf-dist/tex/generic/oberdiek/gettitlestring.sty
Package: gettitlestring 2010/12/03 v1.4 Cleanup title references (HO)
)
\c@section@level=\count144
)
LaTeX Info: Redefining \ref on input line 4.
LaTeX Info: Redefining \pageref on input line 4.
LaTeX Info: Redefining \nameref on input line 4.

(./main.out) (./main.out)
\@outlinefile=\write8
\openout8 = `main.out'.

LaTeX Font Info:    Try loading font information for OT1+ztmcm on input line 20
.

(/usr/local/texlive/2015/texmf-dist/tex/latex/psnfss/ot1ztmcm.fd
File: ot1ztmcm.fd 2000/01/03 Fontinst v1.801 font definitions for OT1/ztmcm.
)
LaTeX Font Info:    Try loading font information for OML+ztmcm on input line 20
.

(/usr/local/texlive/2015/texmf-dist/tex/latex/psnfss/omlztmcm.fd
File: omlztmcm.fd 2000/01/03 Fontinst v1.801 font definitions for OML/ztmcm.
)
LaTeX Font Info:    Try loading font information for OMS+ztmcm on input line 20
.

(/usr/local/texlive/2015/texmf-dist/tex/latex/psnfss/omsztmcm.fd
File: omsztmcm.fd 2000/01/03 Fontinst v1.801 font definitions for OMS/ztmcm.
)
LaTeX Font Info:    Try loading font information for OMX+ztmcm on input line 20
.

(/usr/local/texlive/2015/texmf-dist/tex/latex/psnfss/omxztmcm.fd
File: omxztmcm.fd 2000/01/03 Fontinst v1.801 font definitions for OMX/ztmcm.
)
LaTeX Font Info:    Try loading font information for OT1+ptm on input line 20.

(/usr/local/texlive/2015/texmf-dist/tex/latex/psnfss/ot1ptm.fd
File: ot1ptm.fd 2001/06/04 font definitions for OT1/ptm.
)
LaTeX Font Info:    Font shape `OT1/ptm/bx/n' in size <10.95> not available
(Font)              Font shape `OT1/ptm/b/n' tried instead on input line 20.
LaTeX Font Info:    Font shape `OT1/ptm/bx/n' in size <8> not available
(Font)              Font shape `OT1/ptm/b/n' tried instead on input line 20.
LaTeX Font Info:    Font shape `OT1/ptm/bx/n' in size <6> not available
(Font)              Font shape `OT1/ptm/b/n' tried instead on input line 20.
LaTeX Font Info:    Try loading font information for T1+cmtt on input line 44.

(/usr/local/texlive/2015/texmf-dist/tex/latex/base/t1cmtt.fd
File: t1cmtt.fd 2014/09/29 v2.5h Standard LaTeX font definitions
)
Underfull \hbox (badness 10000) in paragraph at lines 34--45

 []

[1

{/usr/local/texlive/2015/texmf-var/fonts/map/pdftex/updmap/pdftex.map}]
(./abstract.tex
LaTeX Font Info:    Font shape `T1/ptm/bx/n' in size <10.95> not available
(Font)              Font shape `T1/ptm/b/n' tried instead on input line 1.
LaTeX Font Info:    Try loading font information for T1+cmss on input line 1.
 (/usr/local/texlive/2015/texmf-dist/tex/latex/base/t1cmss.fd
File: t1cmss.fd 2014/09/29 v2.5h Standard LaTeX font definitions
)
LaTeX Font Info:    Try loading font information for OMS+ptm on input line 7.

(/usr/local/texlive/2015/texmf-dist/tex/latex/psnfss/omsptm.fd
File: omsptm.fd 
)
LaTeX Font Info:    Font shape `OMS/ptm/m/n' in size <10.95> not available
(Font)              Font shape `OMS/cmsy/m/n' tried instead on input line 7.
) [2

]
(./introduction.tex

Package natbib Warning: Citation `maddison_2015' on page 3 undefined on input l
ine 13.


Package natbib Warning: Citation `rabosky_2015' on page 3 undefined on input li
ne 13.


Package natbib Warning: Citation `beaulieu_2016' on page 3 undefined on input l
ine 13.


Package natbib Warning: Citation `rabosky_2017' on page 3 undefined on input li
ne 13.


Package natbib Warning: Citation `beaulieu_2016' on page 3 undefined on input l
ine 14.


Package natbib Warning: Citation `caetano_2018' on page 3 undefined on input li
ne 14.


Package natbib Warning: Citation `herrera_2018' on page 3 undefined on input li
ne 14.


Package natbib Warning: Citation `husband_2013' on page 3 undefined on input li
ne 19.


Package natbib Warning: Citation `zenilferguson_2017' on page 3 undefined on in
put line 19.


Package natbib Warning: Citation `stebbins1938' on page 3 undefined on input li
ne 20.


Package natbib Warning: Citation `ramsey_2002' on page 3 undefined on input lin
e 21.


Package natbib Warning: Citation `sessa_2019' on page 3 undefined on input line
 21.


Package natbib Warning: Citation `mayrose_2011' on page 3 undefined on input li
ne 22.


Package natbib Warning: Citation `mayrose_2015' on page 3 undefined on input li
ne 22.


Package natbib Warning: Citation `soltis_2014' on page 3 undefined on input lin
e 23.


Package natbib Warning: Citation `landis_2018' on page 3 undefined on input lin
e 23.


Package natbib Warning: Citation `soltis_2015' on page 3 undefined on input lin
e 24.


Package natbib Warning: Citation `dodsworth_2015' on page 3 undefined on input 
line 24.


Package natbib Warning: Citation `mayrose_2011' on page 3 undefined on input li
ne 25.


Package natbib Warning: Citation `mayrose_2015' on page 3 undefined on input li
ne 25.


Package natbib Warning: Citation `barrett2013' on page 3 undefined on input lin
e 27.


Package natbib Warning: Citation `stebbins1974' on page 3 undefined on input li
ne 28.


Package natbib Warning: Citation `igic_2008' on page 3 undefined on input line 
28.


Package natbib Warning: Citation `goldberg_2010' on page 3 undefined on input l
ine 29.


Package natbib Warning: Citation `devos2014' on page 3 undefined on input line 
30.


Package natbib Warning: Citation `freyman_2019' on page 3 undefined on input li
ne 30.

[3

]

Package natbib Warning: Citation `stebbins1950' on page 4 undefined on input li
ne 34.


Package natbib Warning: Citation `levin_1975' on page 4 undefined on input line
 35.


Package natbib Warning: Citation `ramsey_1998' on page 4 undefined on input lin
e 35.


Package natbib Warning: Citation `barringer2007' on page 4 undefined on input l
ine 35.


Package natbib Warning: Citation `barrett2008' on page 4 undefined on input lin
e 35.


Package natbib Warning: Citation `husband2008' on page 4 undefined on input lin
e 35.


Package natbib Warning: Citation `stout1942' on page 4 undefined on input line 
36.


Package natbib Warning: Citation `lewis1947' on page 4 undefined on input line 
36.


Package natbib Warning: Citation `kubo2010' on page 4 undefined on input line 3
8.


Package natbib Warning: Citation `entani1999' on page 4 undefined on input line
 39.


Package natbib Warning: Citation `tsukamoto2005' on page 4 undefined on input l
ine 39.


Package natbib Warning: Citation `kubo2010' on page 4 undefined on input line 3
9.


Package natbib Warning: Citation `hauck_2002' on page 4 undefined on input line
 40.


Package natbib Warning: Citation `nunes_2006' on page 4 undefined on input line
 40.


Package natbib Warning: Citation `igic_2001' on page 4 undefined on input line 
41.


Package natbib Warning: Citation `steinbachs_2002' on page 4 undefined on input
 line 41.


Package natbib Warning: Citation `robertson_2011' on page 4 undefined on input 
line 42.


Package natbib Warning: Citation `robertson_2011' on page 4 undefined on input 
line 51.


Package natbib Warning: Citation `maddison_2007' on page 4 undefined on input l
ine 54.


Package natbib Warning: Citation `fitzjohn_2012' on page 4 undefined on input l
ine 54.


Package natbib Warning: Citation `maddison_2007' on page 4 undefined on input l
ine 55.


Package natbib Warning: Citation `beaulieu_2016' on page 4 undefined on input l
ine 56.


Package natbib Warning: Citation `beaulieu_2016' on page 4 undefined on input l
ine 57.

) (./methods.tex [4]
LaTeX Font Info:    Font shape `T1/ptm/bx/it' in size <10.95> not available
(Font)              Font shape `T1/ptm/b/it' tried instead on input line 3.


Package natbib Warning: Citation `rice_2015' on page 5 undefined on input line 
8.


Package natbib Warning: Citation `rivero_2019' on page 5 undefined on input lin
e 8.


Package natbib Warning: Citation `robertson_2011' on page 5 undefined on input 
line 11.


Package natbib Warning: Citation `bennett_2005' on page 5 undefined on input li
ne 11.


Package natbib Warning: Citation `bennett_2005' on page 5 undefined on input li
ne 13.


Package natbib Warning: Citation `olmstead_2007' on page 5 undefined on input l
ine 15.

[5]

Package natbib Warning: Citation `igic_2006' on page 6 undefined on input line 
19.


Package natbib Warning: Citation `goldberg_2010' on page 6 undefined on input l
ine 19.


Package natbib Warning: Citation `robertson_2011' on page 6 undefined on input 
line 19.


Package natbib Warning: Citation `goldberg_2012' on page 6 undefined on input l
ine 19.


Package natbib Warning: Citation `raduski_2012' on page 6 undefined on input li
ne 21.


Package natbib Warning: Citation `solsource' on page 6 undefined on input line 
27.


Package natbib Warning: Citation `robertson_2011' on page 6 undefined on input 
line 29.


Package natbib Warning: Citation `robertson_2011' on page 6 undefined on input 
line 30.


Package natbib Warning: Citation `sarkinen_2013' on page 6 undefined on input l
ine 35.


LaTeX Warning: Reference `figure:stateclassifications' on page 1 undefined on i
nput line 38.


LaTeX Warning: Reference `suppfigure:stateclassifications' on page 1 undefined 
on input line 38.


Package natbib Warning: Citation `maddison_2007' on page 6 undefined on input l
ine 53.


Package natbib Warning: Citation `fitzjohn_2012' on page 6 undefined on input l
ine 53.


Package natbib Warning: Citation `beaulieu_2016' on page 6 undefined on input l
ine 53.


LaTeX Warning: Reference `fig:allmodels' on page 1 undefined on input line 55.

[6]

Package natbib Warning: Citation `mayrose_2011' on page 7 undefined on input li
ne 60.


Package natbib Warning: Citation `maddison_2015' on page 7 undefined on input l
ine 61.


Package natbib Warning: Citation `rabosky_2015' on page 7 undefined on input li
ne 61.


Package natbib Warning: Citation `beaulieu_2016' on page 7 undefined on input l
ine 64.


LaTeX Warning: Reference `table:bayesfactors' on page 1 undefined on input line
 69.


Package natbib Warning: Citation `goldberg_2010' on page 7 undefined on input l
ine 77.


Package natbib Warning: Citation `sarkinen_2013' on page 7 undefined on input l
ine 77.


LaTeX Warning: Reference `table:M11M15' on page 1 undefined on input line 78.


Package natbib Warning: Citation `freyman_2019' on page 7 undefined on input li
ne 79.


Package natbib Warning: Citation `ramanauskas_2017' on page 7 undefined on inpu
t line 82.


Package natbib Warning: Citation `ioerger_1990' on page 7 undefined on input li
ne 83.


Package natbib Warning: Citation `igic_2006' on page 7 undefined on input line 
83.

[7]

Package natbib Warning: Citation `caetano_2018' on page 8 undefined on input li
ne 102.


Package natbib Warning: Citation `huang_2018' on page 8 undefined on input line
 102.


LaTeX Warning: Reference `figure:stateclassifications' on page 1 undefined on i
nput line 109.


Package natbib Warning: Citation `tarasov_2019' on page 8 undefined on input li
ne 112.


Package natbib Warning: Citation `tarasov_2019' on page 8 undefined on input li
ne 114.


LaTeX Warning: Reference `table:lumped' on page 1 undefined on input line 122.

[8]

Package natbib Warning: Citation `brunet2001' on page 9 undefined on input line
 137.


Package natbib Warning: Citation `robertson_2011' on page 9 undefined on input 
line 137.


Package natbib Warning: Citation `robertson_2011' on page 9 undefined on input 
line 141.


Package natbib Warning: Citation `robertson_2011' on page 9 undefined on input 
line 143.


Package mathptmx Warning: There are no bold math fonts on input line 146.


Package natbib Warning: Citation `robertson_2011' on page 9 undefined on input 
line 148.


Package natbib Warning: Citation `leslie_1945' on page 9 undefined on input lin
e 155.

[9]

Package natbib Warning: Citation `hoehna_2016' on page 10 undefined on input li
ne 163.


Package natbib Warning: Citation `fitzjohn_2009' on page 10 undefined on input 
line 165.


Package natbib Warning: Citation `solsource' on page 10 undefined on input line
 165.


Package natbib Warning: Citation `metropolis1953equation' on page 10 undefined 
on input line 168.


Package natbib Warning: Citation `Hastings1970' on page 10 undefined on input l
ine 168.


LaTeX Warning: Reference `figure:netdivall' on page 1 undefined on input line 1
71.


LaTeX Warning: Reference `suppfigure:IDCDCPnodipAB' on page 1 undefined on inpu
t line 171.


LaTeX Warning: Reference `suppfigure:IDCDCPnodip' on page 1 undefined on input 
line 171.


LaTeX Warning: Reference `suppfigure:ICAB' on page 1 undefined on input line 17
1.


LaTeX Warning: Reference `suppfigure:IC' on page 1 undefined on input line 171.



LaTeX Warning: Reference `suppfigure:DPnodipAB' on page 1 undefined on input li
ne 171.


LaTeX Warning: Reference `suppfigure:DPnodip' on page 1 undefined on input line
 171.


LaTeX Warning: Reference `figure:netdivall' on page 1 undefined on input line 1
74.


LaTeX Warning: Reference `suppfigure:IDCDCPnodipABasr' on page 1 undefined on i
nput line 174.


LaTeX Warning: Reference `suppfigure:IDCDCPnodipasr' on page 1 undefined on inp
ut line 174.


LaTeX Warning: Reference `suppfigure:ICABasr' on page 1 undefined on input line
 174.


LaTeX Warning: Reference `suppfigure:ICasr' on page 1 undefined on input line 1
74.


LaTeX Warning: Reference `suppfigure:DPnodipABasr' on page 1 undefined on input
 line 174.


LaTeX Warning: Reference `suppfigure:DPnodipasr' on page 1 undefined on input l
ine 174.


Package natbib Warning: Citation `xie_2010' on page 10 undefined on input line 
178.


Package natbib Warning: Citation `hoehna_2016' on page 10 undefined on input li
ne 178.


LaTeX Warning: Reference `table:bayesfactors' on page 1 undefined on input line
 179.

[10]

LaTeX Warning: Reference `supptable:M21M25' on page 1 undefined on input line 1
83.


LaTeX Warning: Reference `supptable:M16M20' on page 1 undefined on input line 1
83.


LaTeX Warning: Reference `supptable:M6M10' on page 1 undefined on input line 18
3.


LaTeX Warning: Reference `table:M11M15' on page 1 undefined on input line 183.


LaTeX Warning: Reference `table:bayesfactors' on page 1 undefined on input line
 183.


LaTeX Warning: Reference `supptable:testaddhidden' on page 1 undefined on input
 line 184.


LaTeX Warning: Reference `suppfigure:lumpedIC' on page 1 undefined on input lin
e 185.


LaTeX Warning: Reference `suppfigure:lumpedDP' on page 1 undefined on input lin
e 185.


LaTeX Warning: Reference `table:lumped' on page 1 undefined on input line 185.


LaTeX Warning: Reference `figure:lumped' on page 1 undefined on input line 185.



LaTeX Warning: Reference `suppfigure:asymmetric' on page 1 undefined on input l
ine 186.


LaTeX Warning: Reference `supptable:asymmetry' on page 1 undefined on input lin
e 186.


LaTeX Warning: Reference `suppfigure:alldip' on page 1 undefined on input line 
187.


LaTeX Warning: Reference `supptable:testdiploidization' on page 1 undefined on 
input line 187.


Package natbib Warning: Citation `kass1995' on page 11 undefined on input line 
192.

\openout4 = `main.ttt'.

(main.ttt)
\openout3 = `main.fff'.

 (main.fff)
\openout5 = `main.efsuppfigure'.

 (main.efsuppfigure)
\openout6 = `main.efsupptable'.

 (main.efsupptable)) (./results.tex

Package natbib Warning: Citation `mayrose_2011' on page 11 undefined on input l
ine 9.


Package natbib Warning: Citation `mayrose_2015' on page 11 undefined on input l
ine 9.


LaTeX Warning: Reference `figure:netdivall' on page 1 undefined on input line 1
0.


LaTeX Warning: Reference `suppfigure:alldip' on page 1 undefined on input line 
10.


LaTeX Warning: Reference `figure:netdivall' on page 1 undefined on input line 1
1.


LaTeX Warning: Reference `suppfigure:alldip' on page 1 undefined on input line 
11.


LaTeX Warning: Reference `table:bayesfactors' on page 1 undefined on input line
 12.


LaTeX Warning: Reference `supptable:M6M10' on page 1 undefined on input line 13
.


LaTeX Warning: Reference `figure:netdivall' on page 1 undefined on input line 1
8.


Package natbib Warning: Citation `goldberg_2010' on page 11 undefined on input 
line 18.


LaTeX Warning: Reference `figure:netdivall' on page 1 undefined on input line 1
9.


LaTeX Warning: Reference `table:M11M15' on page 1 undefined on input line 20.

[11]

LaTeX Warning: Reference `figure:netdivall' on page 1 undefined on input line 2
5.


LaTeX Warning: Reference `suppfigure:alldip' on page 1 undefined on input line 
25.


LaTeX Warning: Reference `figure:netdivall' on page 1 undefined on input line 2
7.


LaTeX Warning: Reference `suppfigure:alldip' on page 1 undefined on input line 
27.


LaTeX Warning: Reference `figure:netdivall' on page 1 undefined on input line 2
9.


LaTeX Warning: Reference `suppfigure:alldip' on page 1 undefined on input line 
30.


LaTeX Warning: Reference `supptable:M16M20' on page 1 undefined on input line 3
1.


LaTeX Warning: Reference `supptable:M21M25' on page 1 undefined on input line 3
1.


LaTeX Warning: Reference `table:lumped' on page 1 undefined on input line 33.


LaTeX Warning: Reference `figure:lumped' on page 1 undefined on input line 33.


LaTeX Warning: Reference `table:lumped' on page 1 undefined on input line 34.


LaTeX Warning: Reference `suppfigure:lumpedDP' on page 1 undefined on input lin
e 34.


LaTeX Warning: Reference `table:lumped' on page 1 undefined on input line 37.


LaTeX Warning: Reference `figure:lumped' on page 1 undefined on input line 37.


LaTeX Warning: Reference `table:lumped' on page 1 undefined on input line 38.


LaTeX Warning: Reference `suppfigure:lumpedIC' on page 1 undefined on input lin
e 38.


LaTeX Warning: Reference `supptable:M21M25' on page 1 undefined on input line 5
4.


LaTeX Warning: Reference `supptable:M16M20' on page 1 undefined on input line 5
4.


LaTeX Warning: Reference `supptable:M6M10' on page 1 undefined on input line 54
.


LaTeX Warning: Reference `table:M11M15' on page 1 undefined on input line 54.


LaTeX Warning: Reference `table:bayesfactors' on page 1 undefined on input line
 54.


LaTeX Warning: Reference `supptable:testaddhidden' on page 1 undefined on input
 line 57.

[12]

LaTeX Warning: Reference `suppfigure:lumpedIC' on page 1 undefined on input lin
e 61.


LaTeX Warning: Reference `suppfigure:lumpedDP' on page 1 undefined on input lin
e 61.


LaTeX Warning: Reference `table:lumped' on page 1 undefined on input line 61.


LaTeX Warning: Reference `supptable:asymmetry' on page 1 undefined on input lin
e 65.


LaTeX Warning: Reference `suppfigure:asymmetric' on page 1 undefined on input l
ine 65.


LaTeX Warning: Reference `suppfigure:IDCDCPnodipABasr' on page 1 undefined on i
nput line 66.


LaTeX Warning: Reference `suppfigure:ICABasr' on page 1 undefined on input line
 66.


LaTeX Warning: Reference `suppfigure:DPnodipABasr' on page 1 undefined on input
 line 66.


LaTeX Warning: Reference `supptable:testdiploidization' on page 1 undefined on 
input line 69.


LaTeX Warning: Reference `suppfigure:alldip' on page 1 undefined on input line 
71.


LaTeX Warning: Reference `figure:pathways' on page 1 undefined on input line 80
.


LaTeX Warning: Reference `suppfigure:IDCDCPnodip' on page 1 undefined on input 
line 82.


Package natbib Warning: Citation `robertson_2011' on page 13 undefined on input
 line 84.

[13]

LaTeX Warning: Reference `figure:pathways' on page 1 undefined on input line 91
.

) (./discussion.tex

Package natbib Warning: Citation `lewontin_1970' on page 14 undefined on input 
line 6.


Package natbib Warning: Citation `mayrose_2011' on page 14 undefined on input l
ine 18.


Package natbib Warning: Citation `mayrose_2015' on page 14 undefined on input l
ine 18.


LaTeX Warning: Reference `figure:netdivall' on page 1 undefined on input line 1
9.


LaTeX Warning: Reference `figure:netdivall' on page 1 undefined on input line 1
9.


Package natbib Warning: Citation `goldberg_2010' on page 14 undefined on input 
line 21.


LaTeX Warning: Reference `figure:netdivall' on page 1 undefined on input line 2
1.


LaTeX Warning: Reference `figure:netdivall' on page 1 undefined on input line 2
3.


LaTeX Warning: Reference `figure:netdivall' on page 1 undefined on input line 2
8.

[14]

LaTeX Warning: Reference `supptable:testaddhidden' on page 1 undefined on input
 line 34.


LaTeX Warning: Reference `suppfigure:lumpedIC' on page 1 undefined on input lin
e 37.


LaTeX Warning: Reference `suppfigure:lumpedDP' on page 1 undefined on input lin
e 37.


LaTeX Warning: Reference `supptable:testaddhidden' on page 1 undefined on input
 line 38.


Package natbib Warning: Citation `beaulieu_2016' on page 15 undefined on input 
line 40.


LaTeX Warning: Reference `table:lumped' on page 1 undefined on input line 48.


LaTeX Warning: Reference `figure:lumped' on page 1 undefined on input line 48.


Package natbib Warning: Citation `mayrose_2011' on page 15 undefined on input l
ine 54.


Package natbib Warning: Citation `goldberg_2012' on page 15 undefined on input 
line 54.


Package natbib Warning: Citation `magnuson-ford_2012' on page 15 undefined on i
nput line 54.


Package natbib Warning: Citation `goldberg_2012' on page 15 undefined on input 
line 55.


Package natbib Warning: Citation `zhan_2016' on page 15 undefined on input line
 55.


Package natbib Warning: Citation `freyman_2019' on page 15 undefined on input l
ine 55.


Package natbib Warning: Citation `goldberg_2012' on page 15 undefined on input 
line 57.

[15]

LaTeX Warning: Reference `figure:pathways' on page 1 undefined on input line 62
.


Package natbib Warning: Citation `lewis1979' on page 16 undefined on input line
 68.


Package natbib Warning: Citation `ramsey_1998' on page 16 undefined on input li
ne 68.


LaTeX Warning: Reference `figure:pathways' on page 1 undefined on input line 70
.


Package natbib Warning: Citation `robertson_2011' on page 16 undefined on input
 line 70.


Package natbib Warning: Citation `miller_2000' on page 16 undefined on input li
ne 76.


Package natbib Warning: Citation `robertson_2011' on page 16 undefined on input
 line 77.


Package natbib Warning: Citation `miller_2000' on page 16 undefined on input li
ne 83.


Package natbib Warning: Citation `mable_2004' on page 16 undefined on input lin
e 83.

[16]

Package natbib Warning: Citation `dodsworth_2015' on page 17 undefined on input
 line 92.


Package natbib Warning: Citation `mandakova_2018' on page 17 undefined on input
 line 92.


LaTeX Warning: Reference `suppfigure:alldip' on page 1 undefined on input line 
94.


LaTeX Warning: Reference `supptable:testdiploidization' on page 1 undefined on 
input line 95.


Package natbib Warning: Citation `ku2000' on page 17 undefined on input line 10
1.


Package natbib Warning: Citation `blanc2004' on page 17 undefined on input line
 101.


Package natbib Warning: Citation `tomato2012' on page 17 undefined on input lin
e 102.


Package natbib Warning: Citation `sarkinen_2013' on page 17 undefined on input 
line 102.


Package natbib Warning: Citation `wu_2010a' on page 17 undefined on input line 
106.


Package natbib Warning: Citation `igic_2006' on page 17 undefined on input line
 109.


Package natbib Warning: Citation `stone_2002' on page 17 undefined on input lin
e 109.


Package natbib Warning: Citation `mcclure_2009' on page 17 undefined on input l
ine 109.


Package natbib Warning: Citation `barrett1996' on page 17 undefined on input li
ne 120.

) [17] [18]
No file main.bbl.
AED endfloat: Processing end Figures and Tables (./main.fff [19] [20]

LaTeX Warning: Reference `table:lumped' on page 1 undefined on input line 38.


LaTeX Warning: Reference `table:lumped' on page 1 undefined on input line 38.

[21] [22]) (./main.ttt [23] [24]

LaTeX Warning: No positions in optional float specifier.
               Default added (so using `tbp') on input line 33.

[25]) (./main.efsuppfigure
Package hyperref Info: bookmark level for unknown suppfigure defaults to 0 on i
nput line 3.
 [26] [27] [28] [29] [30] [31] [32] [33] [34]
[35] [36] [37] [38] [39]

LaTeX Warning: Reference `table:lumped' on page 1 undefined on input line 100.


LaTeX Warning: Reference `table:lumped' on page 1 undefined on input line 100.

[40]

LaTeX Warning: Reference `table:lumped' on page 1 undefined on input line 107.


LaTeX Warning: Reference `table:lumped' on page 1 undefined on input line 107.

[41]

LaTeX Warning: Reference `supptable:asymmetry' on page 1 undefined on input lin
e 114.


LaTeX Warning: Reference `supptable:asymmetry' on page 1 undefined on input lin
e 114.

[42] [43]) (./main.efsupptable
Package hyperref Info: bookmark level for unknown supptable defaults to 0 on in
put line 12.
 [44]
Overfull \hbox (3.9555pt too wide) in paragraph at lines 19--28
[][] 
 []

[45] [46] [47] [48] [49])

Package natbib Warning: There were undefined citations.

Package atveryend Info: Empty hook `BeforeClearDocument' on input line 110.
Package atveryend Info: Empty hook `AfterLastShipout' on input line 110.
(./main.aux)
Package atveryend Info: Executing hook `AtVeryEndDocument' on input line 110.
Package atveryend Info: Executing hook `AtEndAfterFileList' on input line 110.


Package rerunfilecheck Warning: File `main.out' has changed.
(rerunfilecheck)                Rerun to get outlines right
(rerunfilecheck)                or use package `bookmark'.

Package rerunfilecheck Info: Checksums for `main.out':
(rerunfilecheck)             Before: D41D8CD98F00B204E9800998ECF8427E;0
(rerunfilecheck)             After:  B469577176FB7783AEC9D2F0326178F7;1814.

LaTeX Warning: There were undefined references.


LaTeX Warning: Label(s) may have changed. Rerun to get cross-references right.

Package atveryend Info: Empty hook `AtVeryVeryEnd' on input line 110.
 ) 
Here is how much of TeX's memory you used:
 10596 strings out of 493089
 169728 string characters out of 6134842
 283427 words of memory out of 5000000
 13790 multiletter control sequences out of 15000+600000
 39951 words of font info for 64 fonts, out of 8000000 for 9000
 1141 hyphenation exceptions out of 8191
 43i,13n,40p,1447b,434s stack positions out of 5000i,500n,10000p,200000b,80000s
{/usr/local/texlive/2015/texmf-dist/fonts/enc/dvips/base/8r.enc}{/usr/local/t
exlive/2015/texmf-dist/fonts/enc/dvips/cm-super/cm-super-t1.enc}</usr/local/tex
live/2015/texmf-dist/fonts/type1/public/amsfonts/cm/cmmi10.pfb></usr/local/texl
ive/2015/texmf-dist/fonts/type1/public/amsfonts/cm/cmr10.pfb></usr/local/texliv
e/2015/texmf-dist/fonts/type1/public/amsfonts/cm/cmss10.pfb></usr/local/texlive
/2015/texmf-dist/fonts/type1/public/amsfonts/cm/cmsy10.pfb></usr/local/texlive/
2015/texmf-dist/fonts/type1/public/cm-super/sfit1095.pfb></usr/local/texlive/20
15/texmf-dist/fonts/type1/public/cm-super/sfss0600.pfb></usr/local/texlive/2015
/texmf-dist/fonts/type1/urw/symbol/usyr.pfb></usr/local/texlive/2015/texmf-dist
/fonts/type1/urw/times/utmb8a.pfb></usr/local/texlive/2015/texmf-dist/fonts/typ
e1/urw/times/utmbi8a.pfb></usr/local/texlive/2015/texmf-dist/fonts/type1/urw/ti
mes/utmr8a.pfb></usr/local/texlive/2015/texmf-dist/fonts/type1/urw/times/utmri8
a.pfb>
Output written on main.pdf (49 pages, 201134 bytes).
PDF statistics:
 356 PDF objects out of 1000 (max. 8388607)
 291 compressed objects within 3 object streams
 117 named destinations out of 1000 (max. 500000)
 1 words of extra memory for PDF output out of 10000 (max. 10000000)

